<?xml version="1.0" encoding="UTF-8"?>
<!-- Generated by org.testng.reporters.JUnitReportReporter -->
<testsuite hostname="DESKTOP-VPOCKJB" failures="0" tests="5" name="pageobjectmodeljat21.TC004_TestDemo" time="0.004" errors="0" timestamp="2024-08-21T12:51:16 IST" skipped="0">
  <testcase classname="pageobjectmodeljat21.TC004_TestDemo" name="Logout" time="0.000"/>
  <testcase classname="pageobjectmodeljat21.TC004_TestDemo" name="Homepage" time="0.001"/>
  <testcase classname="pageobjectmodeljat21.TC004_TestDemo" name="Cartadd" time="0.001"/>
  <testcase classname="pageobjectmodeljat21.TC004_TestDemo" name="Login" time="0.001"/>
  <testcase classname="pageobjectmodeljat21.TC004_TestDemo" name="Signup" time="0.001"/>
</testsuite> <!-- pageobjectmodeljat21.TC004_TestDemo -->
