<?xml version="1.0" encoding="UTF-8"?>
<!-- Generated by org.testng.reporters.JUnitReportReporter -->
<testsuite hostname="DESKTOP-VPOCKJB" failures="0" tests="4" name="pageobjectmodeljat21.TC005_Testnew" time="0.118" errors="0" timestamp="2024-08-21T21:33:16 IST" skipped="0">
  <testcase classname="pageobjectmodeljat21.TC005_Testnew" name="login" time="0.057"/>
  <testcase classname="pageobjectmodeljat21.TC005_Testnew" name="addskillssetDetails" time="0.055"/>
  <testcase classname="pageobjectmodeljat21.TC005_Testnew" name="addeducationdetails" time="0.004"/>
  <testcase classname="pageobjectmodeljat21.TC005_Testnew" name="logout" time="0.002"/>
</testsuite> <!-- pageobjectmodeljat21.TC005_Testnew -->
