<?xml version="1.0" encoding="UTF-8"?>
<!-- Generated by org.testng.reporters.JUnitReportReporter -->
<testsuite hostname="DESKTOP-VPOCKJB" failures="0" tests="1" name="testscenario.GoogleSearchTest" time="3.250" errors="0" timestamp="2024-08-12T11:37:38 IST" skipped="0">
  <testcase classname="testscenario.GoogleSearchTest" name="verify_searchgoogleoperation" time="3.250"/>
</testsuite> <!-- testscenario.GoogleSearchTest -->
