<?xml version="1.0" encoding="UTF-8"?>
<!-- Generated by org.testng.reporters.JUnitReportReporter -->
<testsuite hostname="DESKTOP-VPOCKJB" failures="0" tests="2" name="pageobjectmodeljat21.TC001_LoginTest" time="5.799" errors="0" timestamp="2024-08-12T13:01:44 IST" skipped="0">
  <testcase classname="pageobjectmodeljat21.TC001_LoginTest" name="m2" time="2.636"/>
  <testcase classname="pageobjectmodeljat21.TC001_LoginTest" name="m1" time="3.163"/>
</testsuite> <!-- pageobjectmodeljat21.TC001_LoginTest -->
