<?xml version="1.0" encoding="UTF-8"?>
<!-- Generated by org.testng.reporters.JUnitReportReporter -->
<testsuite hostname="DESKTOP-VPOCKJB" failures="0" tests="4" name="pageobjectmodeljat21.TC006_TestGroup" time="0.156" errors="0" timestamp="2024-08-21T21:33:16 IST" skipped="0">
  <testcase classname="pageobjectmodeljat21.TC006_TestGroup" name="login" time="0.052"/>
  <testcase classname="pageobjectmodeljat21.TC006_TestGroup" name="createadmin" time="0.051"/>
  <testcase classname="pageobjectmodeljat21.TC006_TestGroup" name="createCustomer" time="0.051"/>
  <testcase classname="pageobjectmodeljat21.TC006_TestGroup" name="logout" time="0.002"/>
</testsuite> <!-- pageobjectmodeljat21.TC006_TestGroup -->
