<?xml version="1.0" encoding="UTF-8"?>
<!-- Generated by org.testng.reporters.JUnitReportReporter -->
<testsuite hostname="DESKTOP-VPOCKJB" failures="0" tests="1" name="pageobjectmodeljat21.TC001_LoginTest" time="0.000" errors="0" timestamp="2024-08-27T11:33:13 IST" skipped="1">
  <testcase classname="pageobjectmodeljat21.TC001_LoginTest" name="LoginTest" time="0.000">
    <skipped/>
  </testcase> <!-- LoginTest -->
  <system-out/>
</testsuite> <!-- pageobjectmodeljat21.TC001_LoginTest -->
