<?xml version="1.0" encoding="UTF-8"?>
<!-- Generated by org.testng.reporters.JUnitReportReporter -->
<testsuite hostname="DESKTOP-VPOCKJB" failures="0" tests="4" name="pageobjectmodeljat21.TC002_SignupTest" time="35.190" errors="0" timestamp="2024-08-27T11:44:56 IST" skipped="0">
  <testcase classname="pageobjectmodeljat21.TC002_SignupTest" name="SignupTest" time="8.679"/>
  <system-out/>
  <testcase classname="pageobjectmodeljat21.TC002_SignupTest" name="SignupTest" time="8.708"/>
  <system-out/>
  <testcase classname="pageobjectmodeljat21.TC002_SignupTest" name="SignupTest" time="9.019"/>
  <system-out/>
  <testcase classname="pageobjectmodeljat21.TC002_SignupTest" name="SignupTest" time="8.784"/>
  <system-out/>
</testsuite> <!-- pageobjectmodeljat21.TC002_SignupTest -->
