<?xml version="1.0" encoding="UTF-8"?>
<!-- Generated by org.testng.reporters.JUnitReportReporter -->
<testsuite hostname="DESKTOP-VPOCKJB" failures="0" tests="2" name="pageobjectmodeljat21.TC006_TestGroup" time="0.009" errors="0" timestamp="2024-08-27T11:33:54 IST" skipped="0">
  <testcase classname="pageobjectmodeljat21.TC006_TestGroup" name="login" time="0.008"/>
  <system-out/>
  <testcase classname="pageobjectmodeljat21.TC006_TestGroup" name="createCustomer" time="0.001"/>
  <system-out/>
</testsuite> <!-- pageobjectmodeljat21.TC006_TestGroup -->
